[  0%] Built target std_msgs_generate_messages_lisp
[  0%] Built target sensor_msgs_generate_messages_lisp
[  0%] Built target sensor_msgs_generate_messages_eus
[  0%] Built target std_msgs_generate_messages_eus
[  0%] Built target sensor_msgs_generate_messages_cpp
[  0%] Built target std_msgs_generate_messages_cpp
[  0%] Built target _moveo_moveit_generate_messages_check_deps_ArmJointState
[  0%] Built target sensor_msgs_generate_messages_nodejs
[  0%] Built target std_msgs_generate_messages_nodejs
[  0%] Built target std_msgs_generate_messages_py
[  0%] Built target sensor_msgs_generate_messages_py
[  9%] Built target moveo_moveit_generate_messages_lisp
[ 18%] [32mBuilding CXX object CMakeFiles/move_group_1.dir/src/move_group_interface_coor_1.cpp.o[0m
[ 36%] Built target moveo_moveit_generate_messages_eus
[ 45%] Built target moveo_moveit_generate_messages_cpp
[ 54%] Built target moveo_moveit_generate_messages_nodejs
[ 72%] Built target moveo_moveit_generate_messages_py
[ 72%] Built target moveo_moveit_generate_messages
[ 90%] Built target moveit_convert
[01m[K/home/junior/my_ws1/src/moveo_ros/moveo_moveit/src/move_group_interface_coor_1.cpp:[m[K In function â€˜[01m[Kint main(int, char**)[m[Kâ€™:
[01m[K/home/junior/my_ws1/src/moveo_ros/moveo_moveit/src/move_group_interface_coor_1.cpp:126:47:[m[K [01;35m[Kwarning: [m[Kâ€˜[01m[Kusing MoveItErrorCode = class moveit::core::MoveItErrorCode[m[Kâ€™ is deprecated: Use moveit::core::MoveItErrorCode [[01;35m[K-Wdeprecated-declarations[m[K]
  126 |   moveit::planning_interface::MoveItErrorCode [01;35m[Ksuccess[m[K = move_group.plan(my_plan);
      |                                               [01;35m[K^~~~~~~[m[K
In file included from [01m[K/home/junior/my_ws1/src/moveo_ros/moveo_moveit/src/move_group_interface_coor_1.cpp:1[m[K:
[01m[K/home/junior/my_ws1/src/moveit/moveit_ros/planning_interface/move_group_interface/include/moveit/move_group_interface/move_group_interface.h:64:7:[m[K [01;36m[Knote: [m[Kdeclared here
   64 | using [01;36m[KMoveItErrorCode[m[K [[deprecated("Use moveit::core::MoveItErrorCode")]] = moveit::core::MoveItErrorCode;
      |       [01;36m[K^~~~~~~~~~~~~~~[m[K
In file included from [01m[K/usr/include/eigen3/Eigen/Core:366[m[K,
                 from [01m[K/usr/include/eigen3/Eigen/Geometry:11[m[K,
                 from [01m[K/home/junior/my_ws1/src/moveit/moveit_core/robot_model/include/moveit/robot_model/joint_model.h:46[m[K,
                 from [01m[K/home/junior/my_ws1/src/moveit/moveit_core/robot_model/include/moveit/robot_model/joint_model_group.h:40[m[K,
                 from [01m[K/home/junior/my_ws1/src/moveit/moveit_core/robot_model/include/moveit/robot_model/robot_model.h:46[m[K,
                 from [01m[K/home/junior/my_ws1/src/moveit/moveit_core/robot_state/include/moveit/robot_state/robot_state.h:40[m[K,
                 from [01m[K/home/junior/my_ws1/src/moveit/moveit_ros/planning_interface/move_group_interface/include/moveit/move_group_interface/move_group_interface.h:41[m[K,
                 from [01m[K/home/junior/my_ws1/src/moveo_ros/moveo_moveit/src/move_group_interface_coor_1.cpp:1[m[K:
/usr/include/eigen3/Eigen/src/Geometry/Transform.h: In instantiation of â€˜[01m[KEigen::Transform<Scalar, Dim, Mode, _Options>::Transform(const Eigen::Transform<_Scalar, Dim, OtherMode, OtherOptions>&) [with int OtherMode = 2; int OtherOptions = 0; _Scalar = double; int _Dim = 3; int _Mode = 1; int _Options = 0][m[Kâ€™:
[01m[K/home/junior/my_ws1/src/moveo_ros/moveo_moveit/src/move_group_interface_coor_1.cpp:65:95:[m[K   required from here
[01m[K/usr/include/eigen3/Eigen/src/Geometry/Transform.h:331:25:[m[K [01;31m[Kerror: [m[Kstatic assertion failed: YOU_PERFORMED_AN_INVALID_TRANSFORMATION_CONVERSION
  331 |     EIGEN_STATIC_ASSERT([01;31m[KEIGEN_IMPLIES[m[K(OtherMode==int(Affine)||OtherMode==int(AffineCompact), Mode!=int(Isometry)),
      |                         [01;31m[K^~~~~~~~~~~~~[m[K
make[2]: *** [CMakeFiles/move_group_1.dir/build.make:63: CMakeFiles/move_group_1.dir/src/move_group_interface_coor_1.cpp.o] Error 1
make[1]: *** [CMakeFiles/Makefile2:823: CMakeFiles/move_group_1.dir/all] Error 2
make: *** [Makefile:141: all] Error 2
